<?xml version="1.0" encoding="UTF-8"?>
<!-- Generated by org.testng.reporters.JUnitReportReporter -->
<testsuite hostname="DESKTOP-S5VS0JO" failures="0" tests="2" name="tests.TestNG_Annotations" time="0.026" errors="0" timestamp="2023-09-11T21:27:22 PDT" skipped="0">
  <testcase classname="tests.TestNG_Annotations" name="test2" time="0.011"/>
  <testcase classname="tests.TestNG_Annotations" name="login" time="0.015"/>
</testsuite> <!-- tests.TestNG_Annotations -->
