<?xml version="1.0" encoding="UTF-8"?>
<!-- Generated by org.testng.reporters.JUnitReportReporter -->
<testsuite hostname="Sayed-Sadat" failures="0" tests="1" name="tests.LoginSteps_Simple" time="1.161" errors="0" timestamp="23 Aug 2023 13:43:15 GMT">
  <testcase classname="tests.LoginSteps_Simple" name="loginTestPage" time="1.161"/>
</testsuite> <!-- tests.LoginSteps_Simple -->
