<?xml version="1.0" encoding="UTF-8"?>
<!-- Generated by org.testng.reporters.JUnitReportReporter -->
<testsuite hostname="Sayed-Sadat" failures="0" tests="2" name="tests.TestNG_Annotations" time="0.029" errors="0" timestamp="2023-09-08T18:20:44 PDT" skipped="0">
  <testcase classname="tests.TestNG_Annotations" name="test2" time="0.006"/>
  <testcase classname="tests.TestNG_Annotations" name="login" time="0.023"/>
</testsuite> <!-- tests.TestNG_Annotations -->
