<?xml version="1.0" encoding="UTF-8"?>
<!-- Generated by org.testng.reporters.JUnitReportReporter -->
<testsuite hostname="Sayed-Sadat" failures="0" tests="1" name="tests.testngAnno" time="0.021" errors="0" timestamp="23 Aug 2023 14:03:27 GMT">
  <testcase classname="tests.testngAnno" name="test1" time="0.021"/>
</testsuite> <!-- tests.testngAnno -->
