<?xml version="1.0" encoding="UTF-8"?>
<!-- Generated by org.testng.reporters.JUnitReportReporter -->
<testsuite hostname="Sayed-Sadat" failures="0" tests="11" name="tests.TestNG_GroupingAndDependency" time="0.210" errors="0" timestamp="2023-09-13T17:51:52 PDT" skipped="1">
  <testcase classname="tests.TestNG_GroupingAndDependency" name="test1" time="0.036"/>
  <testcase classname="tests.TestNG_GroupingAndDependency" name="alwaysRun" time="0.048"/>
  <testcase classname="tests.TestNG_GroupingAndDependency" name="test" time="0.006"/>
  <testcase classname="tests.TestNG_GroupingAndDependency" name="test2" time="0.015"/>
  <testcase classname="tests.TestNG_GroupingAndDependency" name="test4" time="0.011"/>
  <testcase classname="tests.TestNG_GroupingAndDependency" name="test5" time="0.015"/>
  <testcase classname="tests.TestNG_GroupingAndDependency" name="description" time="0.027"/>
  <testcase classname="tests.TestNG_GroupingAndDependency" name="runTestMultipleTimes" time="0.013"/>
  <testcase classname="tests.TestNG_GroupingAndDependency" name="runTestMultipleTimes" time="0.005"/>
  <testcase classname="tests.TestNG_GroupingAndDependency" name="dependsOnMethods" time="0.034"/>
  <testcase classname="tests.TestNG_GroupingAndDependency" name="test3">
    <skipped/>
  </testcase> <!-- test3 -->
</testsuite> <!-- tests.TestNG_GroupingAndDependency -->
