<?xml version="1.0" encoding="UTF-8"?>
<!-- Generated by org.testng.reporters.JUnitReportReporter -->
<testsuite hostname="DESKTOP-S5VS0JO" failures="0" tests="1" name="tests.LoginTest" time="1.158" errors="0" timestamp="2023-09-11T21:28:09 PDT" skipped="0">
  <testcase classname="tests.LoginTest" name="login" time="1.158"/>
</testsuite> <!-- tests.LoginTest -->
