<?xml version="1.0" encoding="UTF-8"?>
<!-- Generated by org.testng.reporters.JUnitReportReporter -->
<testsuite hostname="DESKTOP-S5VS0JO" failures="0" tests="11" name="tests.TestNG_GroupingAndDependency" time="0.108" errors="0" timestamp="2023-09-11T21:26:05 PDT" skipped="1">
  <testcase classname="tests.TestNG_GroupingAndDependency" name="runTestMultipleTimes" time="0.007"/>
  <testcase classname="tests.TestNG_GroupingAndDependency" name="test" time="0.009"/>
  <testcase classname="tests.TestNG_GroupingAndDependency" name="description" time="0.011"/>
  <testcase classname="tests.TestNG_GroupingAndDependency" name="runTestMultipleTimes" time="0.012"/>
  <testcase classname="tests.TestNG_GroupingAndDependency" name="test2" time="0.014"/>
  <testcase classname="tests.TestNG_GroupingAndDependency" name="test5" time="0.010"/>
  <testcase classname="tests.TestNG_GroupingAndDependency" name="test4" time="0.010"/>
  <testcase classname="tests.TestNG_GroupingAndDependency" name="alwaysRun" time="0.018"/>
  <testcase classname="tests.TestNG_GroupingAndDependency" name="test1" time="0.012"/>
  <testcase classname="tests.TestNG_GroupingAndDependency" name="dependsOnMethods" time="0.005"/>
  <testcase classname="tests.TestNG_GroupingAndDependency" name="test3">
    <skipped/>
  </testcase> <!-- test3 -->
</testsuite> <!-- tests.TestNG_GroupingAndDependency -->
