<?xml version="1.0" encoding="UTF-8"?>
<!-- Generated by org.testng.reporters.JUnitReportReporter -->
<testsuite hostname="Sayed-Sadat" failures="0" tests="3" name="tests.TestNG_Annotations" time="0.040" errors="0" timestamp="2023-09-11T18:26:19 PDT" skipped="0">
  <testcase classname="tests.TestNG_Annotations" name="test1" time="0.015"/>
  <testcase classname="tests.TestNG_Annotations" name="test2" time="0.010"/>
  <testcase classname="tests.TestNG_Annotations" name="login" time="0.015"/>
</testsuite> <!-- tests.TestNG_Annotations -->
