<?xml version="1.0" encoding="UTF-8"?>
<!-- Generated by org.testng.reporters.JUnitReportReporter -->
<testsuite hostname="DESKTOP-S5VS0JO" failures="0" tests="10" name="tests.TestNG_Features" time="0.093" errors="0" timestamp="2023-09-11T21:26:31 PDT" skipped="0">
  <testcase classname="tests.TestNG_Features" name="runTestMultipleTimes" time="0.008"/>
  <testcase classname="tests.TestNG_Features" name="runTestMultipleTimes" time="0.016"/>
  <testcase classname="tests.TestNG_Features" name="dividedByZeroExample1" time="0.007"/>
  <testcase classname="tests.TestNG_Features" name="executetimeOut" time="0.015"/>
  <testcase classname="tests.TestNG_Features" name="description" time="0.011"/>
  <testcase classname="tests.TestNG_Features" name="test" time="0.013"/>
  <testcase classname="tests.TestNG_Features" name="testCaseSkipException" time="0.007"/>
  <testcase classname="tests.TestNG_Features" name="alwaysRun" time="0.005"/>
  <testcase classname="tests.TestNG_Features" name="smoke" time="0.008"/>
  <testcase classname="tests.TestNG_Features" name="integration" time="0.003"/>
</testsuite> <!-- tests.TestNG_Features -->
