<?xml version="1.0" encoding="UTF-8"?>
<!-- Generated by org.testng.reporters.JUnitReportReporter -->
<testsuite hostname="Sayed-Sadat" failures="0" tests="1" name="tests.testNG_Annotations" time="0.008" errors="0" timestamp="23 Aug 2023 14:15:58 GMT">
  <testcase classname="tests.testNG_Annotations" name="test1" time="0.008"/>
</testsuite> <!-- tests.testNG_Annotations -->
