<?xml version="1.0" encoding="UTF-8"?>
<!-- Generated by org.testng.reporters.JUnitReportReporter -->
<testsuite hostname="DESKTOP-S5VS0JO" failures="0" tests="2" name="tests.RegistrationFormTest" time="14.137" errors="0" timestamp="2023-09-18T18:45:45 PDT" skipped="0">
  <testcase classname="tests.RegistrationFormTest" name="registrationFormTest" time="7.355"/>
  <testcase classname="tests.RegistrationFormTest" name="registrationFormTest" time="6.782"/>
</testsuite> <!-- tests.RegistrationFormTest -->
