<?xml version="1.0" encoding="UTF-8"?>
<!-- Generated by org.testng.reporters.JUnitReportReporter -->
<testsuite hostname="Sayed-Sadat" failures="0" tests="3" name="tests.TestNG_Annotations" time="0.006" errors="0" timestamp="2023-09-13T18:19:29 PDT" skipped="0">
  <testcase classname="tests.TestNG_Annotations" name="login" time="0.003"/>
  <testcase classname="tests.TestNG_Annotations" name="test2" time="0.003"/>
  <testcase classname="tests.TestNG_Annotations" name="test1" time="0.000"/>
</testsuite> <!-- tests.TestNG_Annotations -->
