<?xml version="1.0" encoding="UTF-8"?>
<!-- Generated by org.testng.reporters.JUnitReportReporter -->
<testsuite hostname="Sayed-Sadat" failures="0" tests="10" name="tests.TestNG_Features" time="0.103" errors="0" timestamp="2023-09-05T18:04:44 PDT" skipped="1">
  <testcase classname="tests.TestNG_Features" name="runTestMultipleTimes" time="0.005"/>
  <testcase classname="tests.TestNG_Features" name="runTestMultipleTimes" time="0.002"/>
  <testcase classname="tests.TestNG_Features" name="executetimeOut" time="0.075"/>
  <testcase classname="tests.TestNG_Features" name="testCaseSkipException" time="0.003">
    <skipped/>
  </testcase> <!-- testCaseSkipException -->
  <testcase classname="tests.TestNG_Features" name="description" time="0.005"/>
  <testcase classname="tests.TestNG_Features" name="test" time="0.002"/>
  <testcase classname="tests.TestNG_Features" name="dividedByZeroExample1" time="0.002"/>
  <testcase classname="tests.TestNG_Features" name="alwaysRun" time="0.002"/>
  <testcase classname="tests.TestNG_Features" name="smoke" time="0.002"/>
  <testcase classname="tests.TestNG_Features" name="integration" time="0.005"/>
</testsuite> <!-- tests.TestNG_Features -->
