<?xml version="1.0" encoding="UTF-8"?>
<!-- Generated by org.testng.reporters.JUnitReportReporter -->
<testsuite hostname="Sayed-Sadat" failures="0" tests="4" name="tests.TestNG_Annotations" time="0.002" errors="0" timestamp="2023-09-05T18:04:44 PDT" skipped="0">
  <testcase classname="tests.TestNG_Annotations" name="smokeTest2" time="0.000"/>
  <testcase classname="tests.TestNG_Annotations" name="regressionTest2" time="0.000"/>
  <testcase classname="tests.TestNG_Annotations" name="regressionTest1" time="0.001"/>
  <testcase classname="tests.TestNG_Annotations" name="smokeTest1" time="0.001"/>
</testsuite> <!-- tests.TestNG_Annotations -->
