<?xml version="1.0" encoding="UTF-8"?>
<!-- Generated by org.testng.reporters.JUnitReportReporter -->
<testsuite hostname="Sayed-Sadat" failures="0" tests="8" name="tests.DataProviderTest" time="0.010" errors="0" timestamp="2023-09-05T18:04:44 PDT" skipped="0">
  <testcase classname="tests.DataProviderTest" name="test1" time="0.001"/>
  <testcase classname="tests.DataProviderTest" name="loginToWebPage" time="0.006"/>
  <testcase classname="tests.DataProviderTest" name="test1" time="0.001"/>
  <testcase classname="tests.DataProviderTest" name="loginToWebPage" time="0.000"/>
  <testcase classname="tests.DataProviderTest" name="test1" time="0.000"/>
  <testcase classname="tests.DataProviderTest" name="loginToWebPage" time="0.000"/>
  <testcase classname="tests.DataProviderTest" name="test1" time="0.002"/>
  <testcase classname="tests.DataProviderTest" name="loginToWebPage" time="0.000"/>
</testsuite> <!-- tests.DataProviderTest -->
