<?xml version="1.0" encoding="UTF-8"?>
<!-- Generated by org.testng.reporters.JUnitReportReporter -->
<testsuite hostname="Sayed-Sadat" failures="0" tests="1" name="tests.LoginTest" time="3.737" errors="0" timestamp="2023-09-05T18:04:44 PDT" skipped="0">
  <testcase classname="tests.LoginTest" name="loginTestPage" time="3.737"/>
</testsuite> <!-- tests.LoginTest -->
