<?xml version="1.0" encoding="UTF-8"?>
<!-- Generated by org.testng.reporters.JUnitReportReporter -->
<testsuite hostname="Sayed-Sadat" failures="0" tests="12" name="tests.TestNG_GroupingAndDependency" time="0.056" errors="0" timestamp="2023-09-13T18:19:29 PDT" skipped="1">
  <testcase classname="tests.TestNG_GroupingAndDependency" name="test2" time="0.013"/>
  <testcase classname="tests.TestNG_GroupingAndDependency" name="test4" time="0.002"/>
  <testcase classname="tests.TestNG_GroupingAndDependency" name="alwaysRun" time="0.001"/>
  <testcase classname="tests.TestNG_GroupingAndDependency" name="dependsOnMethods" time="0.009"/>
  <testcase classname="tests.TestNG_GroupingAndDependency" name="test5" time="0.002"/>
  <testcase classname="tests.TestNG_GroupingAndDependency" name="description" time="0.003"/>
  <testcase classname="tests.TestNG_GroupingAndDependency" name="runTestMultipleTimes" time="0.001"/>
  <testcase classname="tests.TestNG_GroupingAndDependency" name="test2" time="0.022"/>
  <testcase classname="tests.TestNG_GroupingAndDependency" name="test1" time="0.002"/>
  <testcase classname="tests.TestNG_GroupingAndDependency" name="test" time="0.001"/>
  <testcase classname="tests.TestNG_GroupingAndDependency" name="runTestMultipleTimes" time="0.000"/>
  <testcase classname="tests.TestNG_GroupingAndDependency" name="test3">
    <skipped/>
  </testcase> <!-- test3 -->
</testsuite> <!-- tests.TestNG_GroupingAndDependency -->
